#! /opt/homebrew/Cellar/icarus-verilog/11.0/bin/vvp
:ivl_version "11.0 (stable)";
:ivl_delay_selection "TYPICAL";
:vpi_time_precision + 0;
:vpi_module "/opt/homebrew/Cellar/icarus-verilog/11.0/lib/ivl/system.vpi";
:vpi_module "/opt/homebrew/Cellar/icarus-verilog/11.0/lib/ivl/vhdl_sys.vpi";
:vpi_module "/opt/homebrew/Cellar/icarus-verilog/11.0/lib/ivl/vhdl_textio.vpi";
:vpi_module "/opt/homebrew/Cellar/icarus-verilog/11.0/lib/ivl/v2005_math.vpi";
:vpi_module "/opt/homebrew/Cellar/icarus-verilog/11.0/lib/ivl/va_math.vpi";
S_0x150e05820 .scope module, "testbench" "testbench" 2 1;
 .timescale 0 0;
v0x600002315440_0 .var "a", 0 0;
v0x6000023154d0_0 .var "b", 0 0;
v0x600002315560_0 .var "c", 0 0;
v0x6000023155f0_0 .var "d", 0 0;
v0x600002315680_0 .var "nota", 0 0;
v0x600002315710_0 .var "notb", 0 0;
v0x6000023157a0_0 .var "notc", 0 0;
v0x600002315830_0 .var "notd", 0 0;
RS_0x1580401f0 .resolv tri, L_0x600003a1cb60, L_0x600003a1cbd0, L_0x600003a1cc40, L_0x600003a1cd90, L_0x600003a1cee0, L_0x600003a1cfc0;
v0x6000023158c0_0 .net8 "s", 0 0, RS_0x1580401f0;  6 drivers, strength-aware
S_0x150e05990 .scope module, "mds1" "modulesoale1" 2 5, 3 1 0, S_0x150e05820;
 .timescale 0 0;
    .port_info 0 /OUTPUT 1 "out";
    .port_info 1 /INPUT 1 "A";
    .port_info 2 /INPUT 1 "not_A";
    .port_info 3 /INPUT 1 "B";
    .port_info 4 /INPUT 1 "not_B";
    .port_info 5 /INPUT 1 "C";
    .port_info 6 /INPUT 1 "not_C";
    .port_info 7 /INPUT 1 "D";
    .port_info 8 /INPUT 1 "not_D";
L_0x600003a1c8c0 .functor BUFT 1, C8<771>, C4<0>, C4<0>, C4<0>;
L_0x600003a1c930 .functor PMOS 1, L_0x600003a1c8c0, v0x600002315680_0, C4<0>, C4<0>;
L_0x600003a1c9a0 .functor PMOS 1, L_0x600003a1c8c0, v0x600002315710_0, C4<0>, C4<0>;
L_0x600003a1ca10 .functor PMOS 1, L_0x600003a1c8c0, v0x600002315560_0, C4<0>, C4<0>;
RS_0x158040190 .resolv tri, L_0x600003a1c930, L_0x600003a1c9a0, L_0x600003a1ca10;
L_0x600003a1ca80 .functor PMOS 1, RS_0x158040190, v0x600002315680_0, C4<0>, C4<0>;
L_0x600003a1caf0 .functor PMOS 1, RS_0x158040190, v0x6000023155f0_0, C4<0>, C4<0>;
RS_0x1580401c0 .resolv tri, L_0x600003a1ca80, L_0x600003a1caf0;
L_0x600003a1cb60 .functor PMOS 1, RS_0x1580401c0, v0x6000023157a0_0, C4<0>, C4<0>;
L_0x600003a1cbd0 .functor PMOS 1, RS_0x1580401c0, v0x600002315440_0, C4<0>, C4<0>;
L_0x600003a1cc40 .functor PMOS 1, RS_0x1580401c0, v0x600002315710_0, C4<0>, C4<0>;
L_0x600003a1c850 .functor BUFT 1, C8<770>, C4<0>, C4<0>, C4<0>;
L_0x600003a1ccb0 .functor NMOS 1, L_0x600003a1c850, v0x600002315440_0, C4<0>, C4<0>;
L_0x600003a1cd20 .functor NMOS 1, L_0x600003a1ccb0, v0x6000023157a0_0, C4<0>, C4<0>;
L_0x600003a1cd90 .functor NMOS 1, L_0x600003a1cd20, v0x600002315710_0, C4<0>, C4<0>;
L_0x600003a1ce70 .functor NMOS 1, L_0x600003a1c850, v0x6000023155f0_0, C4<0>, C4<0>;
L_0x600003a1cee0 .functor NMOS 1, L_0x600003a1ce70, v0x600002315680_0, C4<0>, C4<0>;
L_0x600003a1ce00 .functor NMOS 1, L_0x600003a1c850, v0x600002315560_0, C4<0>, C4<0>;
L_0x600003a1cf50 .functor NMOS 1, L_0x600003a1ce00, v0x600002315680_0, C4<0>, C4<0>;
L_0x600003a1cfc0 .functor NMOS 1, L_0x600003a1cf50, v0x600002315710_0, C4<0>, C4<0>;
v0x600002314a20_0 .net "A", 0 0, v0x600002315440_0;  1 drivers
v0x600002314ab0_0 .net "B", 0 0, v0x6000023154d0_0;  1 drivers
v0x600002314b40_0 .net "C", 0 0, v0x600002315560_0;  1 drivers
v0x600002314bd0_0 .net "D", 0 0, v0x6000023155f0_0;  1 drivers
v0x600002314c60_0 .net "not_A", 0 0, v0x600002315680_0;  1 drivers
v0x600002314cf0_0 .net "not_B", 0 0, v0x600002315710_0;  1 drivers
v0x600002314d80_0 .net "not_C", 0 0, v0x6000023157a0_0;  1 drivers
v0x600002314e10_0 .net "not_D", 0 0, v0x600002315830_0;  1 drivers
v0x600002314ea0_0 .net8 "o1", 0 0, RS_0x158040190;  3 drivers, strength-aware
v0x600002314f30_0 .net8 "o2", 0 0, RS_0x1580401c0;  2 drivers, strength-aware
v0x600002314fc0_0 .net8 "out", 0 0, RS_0x1580401f0;  alias, 6 drivers, strength-aware
v0x600002315050_0 .net8 "p1", 0 0, L_0x600003a1ccb0;  1 drivers, strength-aware
v0x6000023150e0_0 .net8 "p2", 0 0, L_0x600003a1cd20;  1 drivers, strength-aware
v0x600002315170_0 .net8 "p3", 0 0, L_0x600003a1ce70;  1 drivers, strength-aware
v0x600002315200_0 .net8 "p4", 0 0, L_0x600003a1ce00;  1 drivers, strength-aware
v0x600002315290_0 .net8 "p5", 0 0, L_0x600003a1cf50;  1 drivers, strength-aware
v0x600002315320_0 .net8 "sup0", 0 0, L_0x600003a1c850;  1 drivers, strength-aware
v0x6000023153b0_0 .net8 "sup1", 0 0, L_0x600003a1c8c0;  1 drivers, strength-aware
    .scope S_0x150e05820;
T_0 ;
    %pushi/vec4 0, 0, 1;
    %store/vec4 v0x600002315440_0, 0, 1;
    %load/vec4 v0x600002315440_0;
    %inv;
    %store/vec4 v0x600002315680_0, 0, 1;
    %pushi/vec4 0, 0, 1;
    %store/vec4 v0x6000023154d0_0, 0, 1;
    %load/vec4 v0x6000023154d0_0;
    %inv;
    %store/vec4 v0x600002315710_0, 0, 1;
    %pushi/vec4 0, 0, 1;
    %store/vec4 v0x600002315560_0, 0, 1;
    %load/vec4 v0x600002315560_0;
    %inv;
    %store/vec4 v0x6000023157a0_0, 0, 1;
    %pushi/vec4 0, 0, 1;
    %store/vec4 v0x6000023155f0_0, 0, 1;
    %load/vec4 v0x6000023155f0_0;
    %inv;
    %store/vec4 v0x600002315830_0, 0, 1;
    %vpi_call 2 15 "$display", "A : %d , B : %d , C : %d , D : %d --> %d", v0x600002315440_0, v0x6000023154d0_0, v0x600002315560_0, v0x6000023155f0_0, v0x6000023158c0_0 {0 0 0};
    %pushi/vec4 0, 0, 1;
    %store/vec4 v0x600002315440_0, 0, 1;
    %load/vec4 v0x600002315440_0;
    %inv;
    %store/vec4 v0x600002315680_0, 0, 1;
    %pushi/vec4 0, 0, 1;
    %store/vec4 v0x6000023154d0_0, 0, 1;
    %load/vec4 v0x6000023154d0_0;
    %inv;
    %store/vec4 v0x600002315710_0, 0, 1;
    %pushi/vec4 0, 0, 1;
    %store/vec4 v0x600002315560_0, 0, 1;
    %load/vec4 v0x600002315560_0;
    %inv;
    %store/vec4 v0x6000023157a0_0, 0, 1;
    %pushi/vec4 1, 0, 1;
    %store/vec4 v0x6000023155f0_0, 0, 1;
    %load/vec4 v0x6000023155f0_0;
    %inv;
    %store/vec4 v0x600002315830_0, 0, 1;
    %vpi_call 2 24 "$display", "A : %d , B : %d , C : %d , D : %d --> %d", v0x600002315440_0, v0x6000023154d0_0, v0x600002315560_0, v0x6000023155f0_0, v0x6000023158c0_0 {0 0 0};
    %pushi/vec4 0, 0, 1;
    %store/vec4 v0x600002315440_0, 0, 1;
    %load/vec4 v0x600002315440_0;
    %inv;
    %store/vec4 v0x600002315680_0, 0, 1;
    %pushi/vec4 0, 0, 1;
    %store/vec4 v0x6000023154d0_0, 0, 1;
    %load/vec4 v0x6000023154d0_0;
    %inv;
    %store/vec4 v0x600002315710_0, 0, 1;
    %pushi/vec4 1, 0, 1;
    %store/vec4 v0x600002315560_0, 0, 1;
    %load/vec4 v0x600002315560_0;
    %inv;
    %store/vec4 v0x6000023157a0_0, 0, 1;
    %pushi/vec4 0, 0, 1;
    %store/vec4 v0x6000023155f0_0, 0, 1;
    %load/vec4 v0x6000023155f0_0;
    %inv;
    %store/vec4 v0x600002315830_0, 0, 1;
    %vpi_call 2 33 "$display", "A : %d , B : %d , C : %d , D : %d --> %d", v0x600002315440_0, v0x6000023154d0_0, v0x600002315560_0, v0x6000023155f0_0, v0x6000023158c0_0 {0 0 0};
    %pushi/vec4 0, 0, 1;
    %store/vec4 v0x600002315440_0, 0, 1;
    %load/vec4 v0x600002315440_0;
    %inv;
    %store/vec4 v0x600002315680_0, 0, 1;
    %pushi/vec4 0, 0, 1;
    %store/vec4 v0x6000023154d0_0, 0, 1;
    %load/vec4 v0x6000023154d0_0;
    %inv;
    %store/vec4 v0x600002315710_0, 0, 1;
    %pushi/vec4 1, 0, 1;
    %store/vec4 v0x600002315560_0, 0, 1;
    %load/vec4 v0x600002315560_0;
    %inv;
    %store/vec4 v0x6000023157a0_0, 0, 1;
    %pushi/vec4 1, 0, 1;
    %store/vec4 v0x6000023155f0_0, 0, 1;
    %load/vec4 v0x6000023155f0_0;
    %inv;
    %store/vec4 v0x600002315830_0, 0, 1;
    %vpi_call 2 42 "$display", "A : %d , B : %d , C : %d , D : %d --> %d", v0x600002315440_0, v0x6000023154d0_0, v0x600002315560_0, v0x6000023155f0_0, v0x6000023158c0_0 {0 0 0};
    %pushi/vec4 0, 0, 1;
    %store/vec4 v0x600002315440_0, 0, 1;
    %load/vec4 v0x600002315440_0;
    %inv;
    %store/vec4 v0x600002315680_0, 0, 1;
    %pushi/vec4 1, 0, 1;
    %store/vec4 v0x6000023154d0_0, 0, 1;
    %load/vec4 v0x6000023154d0_0;
    %inv;
    %store/vec4 v0x600002315710_0, 0, 1;
    %pushi/vec4 0, 0, 1;
    %store/vec4 v0x600002315560_0, 0, 1;
    %load/vec4 v0x600002315560_0;
    %inv;
    %store/vec4 v0x6000023157a0_0, 0, 1;
    %pushi/vec4 0, 0, 1;
    %store/vec4 v0x6000023155f0_0, 0, 1;
    %load/vec4 v0x6000023155f0_0;
    %inv;
    %store/vec4 v0x600002315830_0, 0, 1;
    %vpi_call 2 51 "$display", "A : %d , B : %d , C : %d , D : %d --> %d", v0x600002315440_0, v0x6000023154d0_0, v0x600002315560_0, v0x6000023155f0_0, v0x6000023158c0_0 {0 0 0};
    %pushi/vec4 0, 0, 1;
    %store/vec4 v0x600002315440_0, 0, 1;
    %load/vec4 v0x600002315440_0;
    %inv;
    %store/vec4 v0x600002315680_0, 0, 1;
    %pushi/vec4 1, 0, 1;
    %store/vec4 v0x6000023154d0_0, 0, 1;
    %load/vec4 v0x6000023154d0_0;
    %inv;
    %store/vec4 v0x600002315710_0, 0, 1;
    %pushi/vec4 0, 0, 1;
    %store/vec4 v0x600002315560_0, 0, 1;
    %load/vec4 v0x600002315560_0;
    %inv;
    %store/vec4 v0x6000023157a0_0, 0, 1;
    %pushi/vec4 1, 0, 1;
    %store/vec4 v0x6000023155f0_0, 0, 1;
    %load/vec4 v0x6000023155f0_0;
    %inv;
    %store/vec4 v0x600002315830_0, 0, 1;
    %vpi_call 2 60 "$display", "A : %d , B : %d , C : %d , D : %d --> %d", v0x600002315440_0, v0x6000023154d0_0, v0x600002315560_0, v0x6000023155f0_0, v0x6000023158c0_0 {0 0 0};
    %pushi/vec4 0, 0, 1;
    %store/vec4 v0x600002315440_0, 0, 1;
    %load/vec4 v0x600002315440_0;
    %inv;
    %store/vec4 v0x600002315680_0, 0, 1;
    %pushi/vec4 1, 0, 1;
    %store/vec4 v0x6000023154d0_0, 0, 1;
    %load/vec4 v0x6000023154d0_0;
    %inv;
    %store/vec4 v0x600002315710_0, 0, 1;
    %pushi/vec4 1, 0, 1;
    %store/vec4 v0x600002315560_0, 0, 1;
    %load/vec4 v0x600002315560_0;
    %inv;
    %store/vec4 v0x6000023157a0_0, 0, 1;
    %pushi/vec4 0, 0, 1;
    %store/vec4 v0x6000023155f0_0, 0, 1;
    %load/vec4 v0x6000023155f0_0;
    %inv;
    %store/vec4 v0x600002315830_0, 0, 1;
    %vpi_call 2 69 "$display", "A : %d , B : %d , C : %d , D : %d --> %d", v0x600002315440_0, v0x6000023154d0_0, v0x600002315560_0, v0x6000023155f0_0, v0x6000023158c0_0 {0 0 0};
    %pushi/vec4 0, 0, 1;
    %store/vec4 v0x600002315440_0, 0, 1;
    %load/vec4 v0x600002315440_0;
    %inv;
    %store/vec4 v0x600002315680_0, 0, 1;
    %pushi/vec4 1, 0, 1;
    %store/vec4 v0x6000023154d0_0, 0, 1;
    %load/vec4 v0x6000023154d0_0;
    %inv;
    %store/vec4 v0x600002315710_0, 0, 1;
    %pushi/vec4 1, 0, 1;
    %store/vec4 v0x600002315560_0, 0, 1;
    %load/vec4 v0x600002315560_0;
    %inv;
    %store/vec4 v0x6000023157a0_0, 0, 1;
    %pushi/vec4 1, 0, 1;
    %store/vec4 v0x6000023155f0_0, 0, 1;
    %load/vec4 v0x6000023155f0_0;
    %inv;
    %store/vec4 v0x600002315830_0, 0, 1;
    %vpi_call 2 78 "$display", "A : %d , B : %d , C : %d , D : %d --> %d", v0x600002315440_0, v0x6000023154d0_0, v0x600002315560_0, v0x6000023155f0_0, v0x6000023158c0_0 {0 0 0};
    %pushi/vec4 1, 0, 1;
    %store/vec4 v0x600002315440_0, 0, 1;
    %load/vec4 v0x600002315440_0;
    %inv;
    %store/vec4 v0x600002315680_0, 0, 1;
    %pushi/vec4 0, 0, 1;
    %store/vec4 v0x6000023154d0_0, 0, 1;
    %load/vec4 v0x6000023154d0_0;
    %inv;
    %store/vec4 v0x600002315710_0, 0, 1;
    %pushi/vec4 0, 0, 1;
    %store/vec4 v0x600002315560_0, 0, 1;
    %load/vec4 v0x600002315560_0;
    %inv;
    %store/vec4 v0x6000023157a0_0, 0, 1;
    %pushi/vec4 0, 0, 1;
    %store/vec4 v0x6000023155f0_0, 0, 1;
    %load/vec4 v0x6000023155f0_0;
    %inv;
    %store/vec4 v0x600002315830_0, 0, 1;
    %vpi_call 2 87 "$display", "A : %d , B : %d , C : %d , D : %d --> %d", v0x600002315440_0, v0x6000023154d0_0, v0x600002315560_0, v0x6000023155f0_0, v0x6000023158c0_0 {0 0 0};
    %pushi/vec4 1, 0, 1;
    %store/vec4 v0x600002315440_0, 0, 1;
    %load/vec4 v0x600002315440_0;
    %inv;
    %store/vec4 v0x600002315680_0, 0, 1;
    %pushi/vec4 0, 0, 1;
    %store/vec4 v0x6000023154d0_0, 0, 1;
    %load/vec4 v0x6000023154d0_0;
    %inv;
    %store/vec4 v0x600002315710_0, 0, 1;
    %pushi/vec4 0, 0, 1;
    %store/vec4 v0x600002315560_0, 0, 1;
    %load/vec4 v0x600002315560_0;
    %inv;
    %store/vec4 v0x6000023157a0_0, 0, 1;
    %pushi/vec4 1, 0, 1;
    %store/vec4 v0x6000023155f0_0, 0, 1;
    %load/vec4 v0x6000023155f0_0;
    %inv;
    %store/vec4 v0x600002315830_0, 0, 1;
    %vpi_call 2 96 "$display", "A : %d , B : %d , C : %d , D : %d --> %d", v0x600002315440_0, v0x6000023154d0_0, v0x600002315560_0, v0x6000023155f0_0, v0x6000023158c0_0 {0 0 0};
    %pushi/vec4 1, 0, 1;
    %store/vec4 v0x600002315440_0, 0, 1;
    %load/vec4 v0x600002315440_0;
    %inv;
    %store/vec4 v0x600002315680_0, 0, 1;
    %pushi/vec4 0, 0, 1;
    %store/vec4 v0x6000023154d0_0, 0, 1;
    %load/vec4 v0x6000023154d0_0;
    %inv;
    %store/vec4 v0x600002315710_0, 0, 1;
    %pushi/vec4 1, 0, 1;
    %store/vec4 v0x600002315560_0, 0, 1;
    %load/vec4 v0x600002315560_0;
    %inv;
    %store/vec4 v0x6000023157a0_0, 0, 1;
    %pushi/vec4 0, 0, 1;
    %store/vec4 v0x6000023155f0_0, 0, 1;
    %load/vec4 v0x6000023155f0_0;
    %inv;
    %store/vec4 v0x600002315830_0, 0, 1;
    %vpi_call 2 105 "$display", "A : %d , B : %d , C : %d , D : %d --> %d", v0x600002315440_0, v0x6000023154d0_0, v0x600002315560_0, v0x6000023155f0_0, v0x6000023158c0_0 {0 0 0};
    %pushi/vec4 1, 0, 1;
    %store/vec4 v0x600002315440_0, 0, 1;
    %load/vec4 v0x600002315440_0;
    %inv;
    %store/vec4 v0x600002315680_0, 0, 1;
    %pushi/vec4 0, 0, 1;
    %store/vec4 v0x6000023154d0_0, 0, 1;
    %load/vec4 v0x6000023154d0_0;
    %inv;
    %store/vec4 v0x600002315710_0, 0, 1;
    %pushi/vec4 1, 0, 1;
    %store/vec4 v0x600002315560_0, 0, 1;
    %load/vec4 v0x600002315560_0;
    %inv;
    %store/vec4 v0x6000023157a0_0, 0, 1;
    %pushi/vec4 1, 0, 1;
    %store/vec4 v0x6000023155f0_0, 0, 1;
    %load/vec4 v0x6000023155f0_0;
    %inv;
    %store/vec4 v0x600002315830_0, 0, 1;
    %vpi_call 2 114 "$display", "A : %d , B : %d , C : %d , D : %d --> %d", v0x600002315440_0, v0x6000023154d0_0, v0x600002315560_0, v0x6000023155f0_0, v0x6000023158c0_0 {0 0 0};
    %pushi/vec4 1, 0, 1;
    %store/vec4 v0x600002315440_0, 0, 1;
    %load/vec4 v0x600002315440_0;
    %inv;
    %store/vec4 v0x600002315680_0, 0, 1;
    %pushi/vec4 1, 0, 1;
    %store/vec4 v0x6000023154d0_0, 0, 1;
    %load/vec4 v0x6000023154d0_0;
    %inv;
    %store/vec4 v0x600002315710_0, 0, 1;
    %pushi/vec4 0, 0, 1;
    %store/vec4 v0x600002315560_0, 0, 1;
    %load/vec4 v0x600002315560_0;
    %inv;
    %store/vec4 v0x6000023157a0_0, 0, 1;
    %pushi/vec4 0, 0, 1;
    %store/vec4 v0x6000023155f0_0, 0, 1;
    %load/vec4 v0x6000023155f0_0;
    %inv;
    %store/vec4 v0x600002315830_0, 0, 1;
    %vpi_call 2 123 "$display", "A : %d , B : %d , C : %d , D : %d --> %d", v0x600002315440_0, v0x6000023154d0_0, v0x600002315560_0, v0x6000023155f0_0, v0x6000023158c0_0 {0 0 0};
    %pushi/vec4 1, 0, 1;
    %store/vec4 v0x600002315440_0, 0, 1;
    %load/vec4 v0x600002315440_0;
    %inv;
    %store/vec4 v0x600002315680_0, 0, 1;
    %pushi/vec4 1, 0, 1;
    %store/vec4 v0x6000023154d0_0, 0, 1;
    %load/vec4 v0x6000023154d0_0;
    %inv;
    %store/vec4 v0x600002315710_0, 0, 1;
    %pushi/vec4 0, 0, 1;
    %store/vec4 v0x600002315560_0, 0, 1;
    %load/vec4 v0x600002315560_0;
    %inv;
    %store/vec4 v0x6000023157a0_0, 0, 1;
    %pushi/vec4 1, 0, 1;
    %store/vec4 v0x6000023155f0_0, 0, 1;
    %load/vec4 v0x6000023155f0_0;
    %inv;
    %store/vec4 v0x600002315830_0, 0, 1;
    %vpi_call 2 132 "$display", "A : %d , B : %d , C : %d , D : %d --> %d", v0x600002315440_0, v0x6000023154d0_0, v0x600002315560_0, v0x6000023155f0_0, v0x6000023158c0_0 {0 0 0};
    %pushi/vec4 1, 0, 1;
    %store/vec4 v0x600002315440_0, 0, 1;
    %load/vec4 v0x600002315440_0;
    %inv;
    %store/vec4 v0x600002315680_0, 0, 1;
    %pushi/vec4 1, 0, 1;
    %store/vec4 v0x6000023154d0_0, 0, 1;
    %load/vec4 v0x6000023154d0_0;
    %inv;
    %store/vec4 v0x600002315710_0, 0, 1;
    %pushi/vec4 1, 0, 1;
    %store/vec4 v0x600002315560_0, 0, 1;
    %load/vec4 v0x600002315560_0;
    %inv;
    %store/vec4 v0x6000023157a0_0, 0, 1;
    %pushi/vec4 0, 0, 1;
    %store/vec4 v0x6000023155f0_0, 0, 1;
    %load/vec4 v0x6000023155f0_0;
    %inv;
    %store/vec4 v0x600002315830_0, 0, 1;
    %vpi_call 2 141 "$display", "A : %d , B : %d , C : %d , D : %d --> %d", v0x600002315440_0, v0x6000023154d0_0, v0x600002315560_0, v0x6000023155f0_0, v0x6000023158c0_0 {0 0 0};
    %pushi/vec4 1, 0, 1;
    %store/vec4 v0x600002315440_0, 0, 1;
    %load/vec4 v0x600002315440_0;
    %inv;
    %store/vec4 v0x600002315680_0, 0, 1;
    %pushi/vec4 1, 0, 1;
    %store/vec4 v0x6000023154d0_0, 0, 1;
    %load/vec4 v0x6000023154d0_0;
    %inv;
    %store/vec4 v0x600002315710_0, 0, 1;
    %pushi/vec4 1, 0, 1;
    %store/vec4 v0x600002315560_0, 0, 1;
    %load/vec4 v0x600002315560_0;
    %inv;
    %store/vec4 v0x6000023157a0_0, 0, 1;
    %pushi/vec4 1, 0, 1;
    %store/vec4 v0x6000023155f0_0, 0, 1;
    %load/vec4 v0x6000023155f0_0;
    %inv;
    %store/vec4 v0x600002315830_0, 0, 1;
    %vpi_call 2 150 "$display", "A : %d , B : %d , C : %d , D : %d --> %d", v0x600002315440_0, v0x6000023154d0_0, v0x600002315560_0, v0x6000023155f0_0, v0x6000023158c0_0 {0 0 0};
    %end;
    .thread T_0;
# The file index is used to find the file name in the following table.
:file_names 4;
    "N/A";
    "<interactive>";
    "Valizadeh.Aras.401243095.Problem1.Testbench.v";
    "Valizadeh.Aras.401243095.Problem1.Module.v";
